
---  Software Radio Systems EPC  ---

Reading configuration file /home/bullet/.config/srsran/cots-ue/epc.conf...
HSS Initialized.
MME S11 Initialized
MME GTP-C Initialized
MME Initialized. MCC: 0xf999, MNC: 0xff70
SPGW GTP-U Initialized.
SPGW S11 Initialized.
SP-GW Initialized.
Received S1 Setup Request.
S1 Setup Request - eNB Name: srsenb01, eNB id: 0x19b
S1 Setup Request - MCC:999, MNC:70
S1 Setup Request - TAC 7, B-PLMN 0x99f907
S1 Setup Request - Paging DRX v128
Sending S1 Setup Response
Initial UE message: LIBLTE_MME_MSG_TYPE_ATTACH_REQUEST
Received Initial UE message -- Attach Request
Attach request -- IMSI: 999700000054409
Attach request -- eNB-UE S1AP Id: 1
Attach request -- Attach type: 2
Attach Request -- UE Network Capabilities EEA: 11110000
Attach Request -- UE Network Capabilities EIA: 01110000
Attach Request -- MS Network Capabilities Present: true
PDN Connectivity Request -- EPS Bearer Identity requested: 0
PDN Connectivity Request -- Procedure Transaction Id: 4
PDN Connectivity Request -- ESM Information Transfer requested: false
Downlink NAS: Sending Authentication Request
UL NAS: Received Authentication Response
Authentication Response -- IMSI 999700000054409
UE Authentication Accepted.
Generating KeNB with UL NAS COUNT: 0
Downlink NAS: Sending NAS Security Mode Command.
UL NAS: Received Security Mode Complete
Security Mode Command Complete -- IMSI: 999700000054409
Getting subscription information -- QCI 9
Sending Create Session Request.
Creating Session Response -- IMSI: 999700000054409
Creating Session Response -- MME control TEID: 1
Received GTP-C PDU. Message type: GTPC_MSG_TYPE_CREATE_SESSION_REQUEST
SPGW: Allocated Ctrl TEID 1
SPGW: Allocated User TEID 1
SPGW: Allocate UE IP 172.16.0.2
Received Create Session Response
Create Session Response -- SPGW control TEID 1
Create Session Response -- SPGW S1-U Address: 127.0.1.100
SPGW Allocated IP 172.16.0.2 to IMSI 999700000054409
Adding attach accept to Initial Context Setup Request
Sent Initial Context Setup Request. E-RAB id 5 
Received Initial Context Setup Response
E-RAB Context Setup. E-RAB id 5
E-RAB Context -- eNB TEID 0x1; eNB GTP-U Address 127.0.1.1
UL NAS: Received Attach Complete
Unpacked Attached Complete Message. IMSI 999700000054409
Unpacked Activate Default EPS Bearer message. EPS Bearer id 5
Received GTP-C PDU. Message type: GTPC_MSG_TYPE_MODIFY_BEARER_REQUEST
Sending EMM Information
Received UE Context Release Request. MME-UE S1AP Id 1
There are active E-RABs, send release access bearers request
Received GTP-C PDU. Message type: GTPC_MSG_TYPE_RELEASE_ACCESS_BEARERS_REQUEST
Received UE Context Release Complete. MME-UE S1AP Id 1
UE Context Release Completed.
Found UE for Downlink Notification 
MME Ctr TEID 0x1, IMSI: 999700000054409
T3413 expired -- Could not page the ue.
Received GTP-C PDU. Message type: GTPC_MSG_TYPE_DOWNLINK_DATA_NOTIFICATION_FAILURE_INDICATION
Initial UE message: LIBLTE_MME_MSG_TYPE_ATTACH_REQUEST
Received Initial UE message -- Attach Request
Attach request -- IMSI: 999700000054401
Attach request -- eNB-UE S1AP Id: 2
Attach request -- Attach type: 2
Attach Request -- UE Network Capabilities EEA: 11110000
Attach Request -- UE Network Capabilities EIA: 01110000
Attach Request -- MS Network Capabilities Present: true
PDN Connectivity Request -- EPS Bearer Identity requested: 0
PDN Connectivity Request -- Procedure Transaction Id: 22
PDN Connectivity Request -- ESM Information Transfer requested: true
Downlink NAS: Sending Authentication Request
UL NAS: Received Authentication Response
Authentication Response -- IMSI 999700000054401
UE Authentication Accepted.
Generating KeNB with UL NAS COUNT: 0
Downlink NAS: Sending NAS Security Mode Command.
UL NAS: Received Security Mode Complete
Security Mode Command Complete -- IMSI: 999700000054401
Sending ESM information request
UL NAS: Received ESM Information Response
ESM Info: APN srsapn
Getting subscription information -- QCI 8
Sending Create Session Request.
Creating Session Response -- IMSI: 999700000054401
Creating Session Response -- MME control TEID: 2
Received GTP-C PDU. Message type: GTPC_MSG_TYPE_CREATE_SESSION_REQUEST
SPGW: Allocated Ctrl TEID 2
SPGW: Allocated User TEID 2
SPGW: Allocate UE IP 172.16.0.3
Received Create Session Response
Create Session Response -- SPGW control TEID 2
Create Session Response -- SPGW S1-U Address: 127.0.1.100
SPGW Allocated IP 172.16.0.3 to IMSI 999700000054401
Adding attach accept to Initial Context Setup Request
Sent Initial Context Setup Request. E-RAB id 5 
Initial UE message: LIBLTE_MME_MSG_TYPE_ATTACH_REQUEST
Received Initial UE message -- Attach Request
Attach request -- IMSI: 999700000054401
Attach request -- eNB-UE S1AP Id: 3
Attach request -- Attach type: 2
Attach Request -- UE Network Capabilities EEA: 11110000
Attach Request -- UE Network Capabilities EIA: 01110000
Attach Request -- MS Network Capabilities Present: true
PDN Connectivity Request -- EPS Bearer Identity requested: 0
PDN Connectivity Request -- Procedure Transaction Id: 23
PDN Connectivity Request -- ESM Information Transfer requested: true
Attach Request -- Found previously attach UE.
Received GTP-C PDU. Message type: GTPC_MSG_TYPE_DELETE_SESSION_REQUEST
Downlink NAS: Sending Authentication Request
UL NAS: Received Authentication Response
Authentication Response -- IMSI 999700000054401
UE Authentication Accepted.
Generating KeNB with UL NAS COUNT: 0
Downlink NAS: Sending NAS Security Mode Command.
UL NAS: Received Security Mode Complete
Security Mode Command Complete -- IMSI: 999700000054401
Sending ESM information request
UL NAS: Received ESM Information Response
ESM Info: APN srsapn
Getting subscription information -- QCI 8
Sending Create Session Request.
Creating Session Response -- IMSI: 999700000054401
Creating Session Response -- MME control TEID: 3
Received GTP-C PDU. Message type: GTPC_MSG_TYPE_CREATE_SESSION_REQUEST
SPGW: Allocated Ctrl TEID 3
SPGW: Allocated User TEID 3
SPGW: Allocate UE IP 172.16.0.4
Received Create Session Response
Create Session Response -- SPGW control TEID 3
Create Session Response -- SPGW S1-U Address: 127.0.1.100
SPGW Allocated IP 172.16.0.4 to IMSI 999700000054401
Adding attach accept to Initial Context Setup Request
Sent Initial Context Setup Request. E-RAB id 5 
Received UE Context Release Request. MME-UE S1AP Id 2
No UE context to release found. MME-UE S1AP Id: 2
Initial UE message: LIBLTE_MME_MSG_TYPE_ATTACH_REQUEST
Received Initial UE message -- Attach Request
Attach request -- IMSI: 999700000054401
Attach request -- eNB-UE S1AP Id: 4
Attach request -- Attach type: 2
Attach Request -- UE Network Capabilities EEA: 11110000
Attach Request -- UE Network Capabilities EIA: 01110000
Attach Request -- MS Network Capabilities Present: true
PDN Connectivity Request -- EPS Bearer Identity requested: 0
PDN Connectivity Request -- Procedure Transaction Id: 24
PDN Connectivity Request -- ESM Information Transfer requested: true
Attach Request -- Found previously attach UE.
Received GTP-C PDU. Message type: GTPC_MSG_TYPE_DELETE_SESSION_REQUEST
Downlink NAS: Sending Authentication Request
UL NAS: Received Authentication Response
Authentication Response -- IMSI 999700000054401
UE Authentication Accepted.
Generating KeNB with UL NAS COUNT: 0
Downlink NAS: Sending NAS Security Mode Command.
UL NAS: Received Security Mode Complete
Security Mode Command Complete -- IMSI: 999700000054401
Sending ESM information request
UL NAS: Received ESM Information Response
ESM Info: APN srsapn
Getting subscription information -- QCI 8
Sending Create Session Request.
Creating Session Response -- IMSI: 999700000054401
Creating Session Response -- MME control TEID: 4
Received GTP-C PDU. Message type: GTPC_MSG_TYPE_CREATE_SESSION_REQUEST
SPGW: Allocated Ctrl TEID 4
SPGW: Allocated User TEID 4
SPGW: Allocate UE IP 172.16.0.5
Received Create Session Response
Create Session Response -- SPGW control TEID 4
Create Session Response -- SPGW S1-U Address: 127.0.1.100
SPGW Allocated IP 172.16.0.5 to IMSI 999700000054401
Adding attach accept to Initial Context Setup Request
Sent Initial Context Setup Request. E-RAB id 5 
Received UE Context Release Request. MME-UE S1AP Id 3
No UE context to release found. MME-UE S1AP Id: 3
Received UE Context Release Request. MME-UE S1AP Id 4
Initial UE message: LIBLTE_MME_MSG_TYPE_DETACH_REQUEST
Received Initial UE message -- Detach Request
Detach Request -- S-TMSI 0x31e3abcd
Detach Request -- eNB UE S1AP Id 5
Received. M-TMSI 0x31e3abcd
Received GTP-C PDU. Message type: GTPC_MSG_TYPE_DELETE_SESSION_REQUEST
^CStopping ..
Deleting eNB context. eNB Id: 0x19b
Deleting UE EMM context. IMSI: 999700000054401
Deleting UE EMM context. IMSI: 999700000054409

